2025-03-10 21:32:39,023 INFO o.a.j.u.JMeterUtils: Setting Locale to en_EN
2025-03-10 21:32:39,039 INFO o.a.j.JMeter: Loading user properties from: user.properties
2025-03-10 21:32:39,040 INFO o.a.j.JMeter: Loading system properties from: system.properties
2025-03-10 21:32:39,049 INFO o.a.j.JMeter: Copyright (c) 1998-2024 The Apache Software Foundation
2025-03-10 21:32:39,049 INFO o.a.j.JMeter: Version 5.6.3
2025-03-10 21:32:39,049 INFO o.a.j.JMeter: java.version=1.8.0_441
2025-03-10 21:32:39,049 INFO o.a.j.JMeter: java.vm.name=Java HotSpot(TM) 64-Bit Server VM
2025-03-10 21:32:39,049 INFO o.a.j.JMeter: os.name=Windows 10
2025-03-10 21:32:39,049 INFO o.a.j.JMeter: os.arch=amd64
2025-03-10 21:32:39,049 INFO o.a.j.JMeter: os.version=10.0
2025-03-10 21:32:39,049 INFO o.a.j.JMeter: file.encoding=Cp1252
2025-03-10 21:32:39,049 INFO o.a.j.JMeter: java.awt.headless=true
2025-03-10 21:32:39,049 INFO o.a.j.JMeter: Max memory     =1073741824
2025-03-10 21:32:39,049 INFO o.a.j.JMeter: Available Processors =2
2025-03-10 21:32:39,054 INFO o.a.j.JMeter: Default Locale=English (EN)
2025-03-10 21:32:39,054 INFO o.a.j.JMeter: JMeter  Locale=English (EN)
2025-03-10 21:32:39,055 INFO o.a.j.JMeter: JMeterHome=C:\soporte\apache-jmeter-5.6.3\apache-jmeter-5.6.3
2025-03-10 21:32:39,055 INFO o.a.j.JMeter: user.dir  =C:\soporte\apache-jmeter-5.6.3\apache-jmeter-5.6.3\bin
2025-03-10 21:32:39,055 INFO o.a.j.JMeter: PWD       =C:\soporte\apache-jmeter-5.6.3\apache-jmeter-5.6.3\bin
2025-03-10 21:32:39,056 INFO o.a.j.JMeter: IP: 192.168.0.189 Name: DESKTOP-6K7JFCA FullName: DESKTOP-6K7JFCA
2025-03-10 21:32:39,081 INFO o.a.j.JMeter: Setting property 'jmeter.reportgenerator.outputdir' to:'C:\soporte\apache-jmeter-5.6.3\apache-jmeter-5.6.3\bin\.\_ALO_WRITE_FOLDER'
2025-03-10 21:32:39,085 INFO o.a.j.s.FileServer: Default base='C:\soporte\apache-jmeter-5.6.3\apache-jmeter-5.6.3\bin'
2025-03-10 21:32:39,087 INFO o.a.j.s.FileServer: Set new base='C:\soporte\apache-jmeter-5.6.3\apache-jmeter-5.6.3\bin\.'
2025-03-10 21:32:39,274 INFO o.a.j.s.SaveService: Testplan (JMX) version: 2.2. Testlog (JTL) version: 2.2
2025-03-10 21:32:39,317 INFO o.a.j.s.SaveService: Using SaveService properties file encoding UTF-8
2025-03-10 21:32:39,324 INFO o.a.j.s.SaveService: Using SaveService properties version 5.0
2025-03-10 21:32:39,338 INFO o.a.j.s.SaveService: Loading file: .\_ALO_Test_Plan.jmx
2025-03-10 21:32:39,418 INFO o.a.j.p.h.c.CookieManager: Settings: Delete null: true Check: true Allow variable: true Save: false Prefix: COOKIE_
2025-03-10 21:32:39,446 INFO o.a.j.p.h.s.HTTPSamplerBase: Parser for text/html is org.apache.jmeter.protocol.http.parser.LagartoBasedHtmlParser
2025-03-10 21:32:39,446 INFO o.a.j.p.h.s.HTTPSamplerBase: Parser for application/xhtml+xml is org.apache.jmeter.protocol.http.parser.LagartoBasedHtmlParser
2025-03-10 21:32:39,447 INFO o.a.j.p.h.s.HTTPSamplerBase: Parser for application/xml is org.apache.jmeter.protocol.http.parser.LagartoBasedHtmlParser
2025-03-10 21:32:39,447 INFO o.a.j.p.h.s.HTTPSamplerBase: Parser for text/xml is org.apache.jmeter.protocol.http.parser.LagartoBasedHtmlParser
2025-03-10 21:32:39,448 INFO o.a.j.p.h.s.HTTPSamplerBase: Parser for text/vnd.wap.wml is org.apache.jmeter.protocol.http.parser.RegexpHTMLParser
2025-03-10 21:32:39,448 INFO o.a.j.p.h.s.HTTPSamplerBase: Parser for text/css is org.apache.jmeter.protocol.http.parser.CssParser
2025-03-10 21:32:39,960 INFO o.a.j.s.SampleResult: Note: Sample TimeStamps are START times
2025-03-10 21:32:39,961 INFO o.a.j.s.SampleResult: sampleresult.default.encoding is set to UTF-8
2025-03-10 21:32:39,961 INFO o.a.j.s.SampleResult: sampleresult.useNanoTime=true
2025-03-10 21:32:39,961 INFO o.a.j.s.SampleResult: sampleresult.nanoThreadSleep=5000
2025-03-10 21:32:39,992 INFO o.a.j.JMeter: Creating summariser <summary>
2025-03-10 21:32:40,011 INFO o.a.j.r.d.ReportGenerator: ReportGenerator will use for Parsing the separator: ','
2025-03-10 21:32:40,013 INFO o.a.j.r.d.ReportGenerator: Will generate report at end of test from  results file: _ALO_results_file
2025-03-10 21:32:40,014 INFO o.a.j.r.d.ReportGenerator: Reading report generator properties from: C:\soporte\apache-jmeter-5.6.3\apache-jmeter-5.6.3\bin\reportgenerator.properties
2025-03-10 21:32:40,044 INFO o.a.j.r.d.ReportGenerator: Merging with JMeter properties
2025-03-10 21:32:40,055 INFO o.a.j.r.c.ReportGeneratorConfiguration: Property 'jmeter.reportgenerator.temp_dir' not found, using default value 'temp' instead.
2025-03-10 21:32:40,063 INFO o.a.j.r.c.ReportGeneratorConfiguration: Property 'jmeter.reportgenerator.apdex_per_transaction' not found, using default value 'null' instead.
2025-03-10 21:32:40,063 INFO o.a.j.r.c.ReportGeneratorConfiguration: apdex_per_transaction is empty, not APDEX per transaction customization
2025-03-10 21:32:40,063 INFO o.a.j.r.c.ReportGeneratorConfiguration: Property 'jmeter.reportgenerator.sample_filter' not found, using default value 'null' instead.
2025-03-10 21:32:40,064 INFO o.a.j.r.c.ReportGeneratorConfiguration: Property 'jmeter.reportgenerator.report_title' not found, using default value 'null' instead.
2025-03-10 21:32:40,064 INFO o.a.j.r.c.ReportGeneratorConfiguration: Property 'jmeter.reportgenerator.start_date' not found, using default value 'null' instead.
2025-03-10 21:32:40,066 INFO o.a.j.r.c.ReportGeneratorConfiguration: Property 'jmeter.reportgenerator.end_date' not found, using default value 'null' instead.
2025-03-10 21:32:40,066 INFO o.a.j.r.c.ReportGeneratorConfiguration: Property 'jmeter.reportgenerator.date_format' not found, using default value 'null' instead.
2025-03-10 21:32:40,067 INFO o.a.j.r.c.ReportGeneratorConfiguration: Will use date range start date: null, end date: null
2025-03-10 21:32:40,077 INFO o.a.j.r.c.ReportGeneratorConfiguration: Property 'jmeter.reportgenerator.graph.totalTPS.exclude_controllers' not found, using default value 'false' instead.
2025-03-10 21:32:40,078 INFO o.a.j.r.c.ReportGeneratorConfiguration: Property 'jmeter.reportgenerator.graph.activeThreadsOverTime.exclude_controllers' not found, using default value 'false' instead.
2025-03-10 21:32:40,078 INFO o.a.j.r.c.ReportGeneratorConfiguration: Property 'jmeter.reportgenerator.graph.timeVsThreads.exclude_controllers' not found, using default value 'false' instead.
2025-03-10 21:32:40,078 INFO o.a.j.r.c.ReportGeneratorConfiguration: Property 'jmeter.reportgenerator.graph.responseTimeDistribution.exclude_controllers' not found, using default value 'false' instead.
2025-03-10 21:32:40,078 INFO o.a.j.r.c.ReportGeneratorConfiguration: Property 'jmeter.reportgenerator.graph.transactionsPerSecond.exclude_controllers' not found, using default value 'false' instead.
2025-03-10 21:32:40,079 INFO o.a.j.r.c.ReportGeneratorConfiguration: Property 'jmeter.reportgenerator.graph.responseTimePercentiles.exclude_controllers' not found, using default value 'false' instead.
2025-03-10 21:32:40,079 INFO o.a.j.r.c.ReportGeneratorConfiguration: Property 'jmeter.reportgenerator.graph.responseTimePercentilesOverTime.exclude_controllers' not found, using default value 'false' instead.
2025-03-10 21:32:40,079 INFO o.a.j.r.c.ReportGeneratorConfiguration: Property 'jmeter.reportgenerator.graph.responseTimesOverTime.exclude_controllers' not found, using default value 'false' instead.
2025-03-10 21:32:40,079 INFO o.a.j.r.c.ReportGeneratorConfiguration: Property 'jmeter.reportgenerator.graph.connectTimeOverTime.exclude_controllers' not found, using default value 'false' instead.
2025-03-10 21:32:40,080 INFO o.a.j.r.c.ReportGeneratorConfiguration: Property 'jmeter.reportgenerator.graph.latenciesOverTime.exclude_controllers' not found, using default value 'false' instead.
2025-03-10 21:32:40,081 INFO o.a.j.r.c.ReportGeneratorConfiguration: Property 'jmeter.reportgenerator.exporter.json.filters_only_sample_series' not found, using default value 'true' instead.
2025-03-10 21:32:40,081 INFO o.a.j.r.c.ReportGeneratorConfiguration: Property 'jmeter.reportgenerator.exporter.json.series_filter' not found, using default value '' instead.
2025-03-10 21:32:40,082 INFO o.a.j.r.c.ReportGeneratorConfiguration: Property 'jmeter.reportgenerator.exporter.json.show_controllers_only' not found, using default value 'false' instead.
2025-03-10 21:32:40,082 INFO o.a.j.r.c.ReportGeneratorConfiguration: Property 'jmeter.reportgenerator.exporter.html.filters_only_sample_series' not found, using default value 'true' instead.
2025-03-10 21:32:40,083 INFO o.a.j.r.c.ReportGeneratorConfiguration: Property 'jmeter.reportgenerator.exporter.html.series_filter' not found, using default value '' instead.
2025-03-10 21:32:40,083 INFO o.a.j.r.c.ReportGeneratorConfiguration: Property 'jmeter.reportgenerator.exporter.html.show_controllers_only' not found, using default value 'false' instead.
2025-03-10 21:32:40,104 INFO o.a.j.e.StandardJMeterEngine: Running the test!
2025-03-10 21:32:40,108 INFO o.a.j.s.SampleEvent: List of sample_variables: []
2025-03-10 21:32:40,108 INFO o.a.j.s.SampleEvent: List of sample_variables: []
2025-03-10 21:32:40,119 INFO o.a.j.e.u.CompoundVariable: Note: Function class names must contain the string: '.functions.'
2025-03-10 21:32:40,119 INFO o.a.j.e.u.CompoundVariable: Note: Function class names must not contain the string: '.gui.'
2025-03-10 21:32:41,297 INFO o.a.j.v.b.BackendListener: Backend Listener: Starting worker with class: class org.apache.jmeter.visualizers.backend.graphite.GraphiteBackendListenerClient and queue capacity: 5000
2025-03-10 21:32:41,301 INFO o.a.j.v.b.BackendListener: Backend Listener: Started  worker with class: class org.apache.jmeter.visualizers.backend.graphite.GraphiteBackendListenerClient
2025-03-10 21:32:41,335 INFO o.a.j.v.b.g.TextGraphiteMetricsSender: Created TextGraphiteMetricsSender with host: , port: 2003, prefix: jmeter.
2025-03-10 21:32:41,353 INFO o.a.j.JMeter: Running test (1741656761353)
2025-03-10 21:32:41,419 INFO o.a.j.e.StandardJMeterEngine: Starting ThreadGroup: 1 : Jmeter Users
2025-03-10 21:32:41,419 INFO o.a.j.e.StandardJMeterEngine: Starting 5 threads for group Jmeter Users.
2025-03-10 21:32:41,419 INFO o.a.j.e.StandardJMeterEngine: Thread will continue on error
2025-03-10 21:32:41,420 INFO o.a.j.t.ThreadGroup: Starting thread group... number=1 threads=5 ramp-up=1 delayedStart=false
2025-03-10 21:32:41,430 INFO o.a.j.t.ThreadGroup: Started thread group number 1
2025-03-10 21:32:41,430 INFO o.a.j.e.StandardJMeterEngine: All thread groups have been started
2025-03-10 21:32:41,432 INFO o.a.j.t.JMeterThread: Thread started: Jmeter Users 1-1
2025-03-10 21:32:41,465 INFO o.a.j.p.h.s.HTTPHCAbstractImpl: Local host = DESKTOP-6K7JFCA
2025-03-10 21:32:41,479 INFO o.a.j.p.h.s.HTTPHC4Impl: HTTP request retry count = 0
2025-03-10 21:32:41,634 INFO o.a.j.t.JMeterThread: Thread started: Jmeter Users 1-2
2025-03-10 21:32:41,832 INFO o.a.j.p.h.s.h.LazyLayeredConnectionSocketFactory: Setting up HTTPS TrustAll Socket Factory
2025-03-10 21:32:41,834 INFO o.a.j.t.JMeterThread: Thread started: Jmeter Users 1-3
2025-03-10 21:32:41,845 INFO o.a.j.u.JsseSSLManager: Using default SSL protocol: TLS
2025-03-10 21:32:41,846 INFO o.a.j.u.JsseSSLManager: SSL session context: per-thread
2025-03-10 21:32:42,036 INFO o.a.j.t.JMeterThread: Thread started: Jmeter Users 1-4
2025-03-10 21:32:42,231 INFO o.a.j.t.JMeterThread: Thread started: Jmeter Users 1-5
2025-03-10 21:32:42,477 INFO o.a.j.u.SSLManager: JmeterKeyStore Location:  type JKS
2025-03-10 21:32:42,486 INFO o.a.j.u.SSLManager: KeyStore created OK
2025-03-10 21:32:42,486 WARN o.a.j.u.SSLManager: Keystore file not found, loading empty keystore
2025-03-10 21:32:43,407 ERROR o.a.j.v.b.g.TextGraphiteMetricsSender: Error writing to Graphite: connect timed out
java.net.SocketTimeoutException: connect timed out
	at java.net.DualStackPlainSocketImpl.waitForConnect(Native Method) ~[?:1.8.0_441]
	at java.net.DualStackPlainSocketImpl.socketConnect(Unknown Source) ~[?:1.8.0_441]
	at java.net.AbstractPlainSocketImpl.doConnect(Unknown Source) ~[?:1.8.0_441]
	at java.net.AbstractPlainSocketImpl.connectToAddress(Unknown Source) ~[?:1.8.0_441]
	at java.net.AbstractPlainSocketImpl.connect(Unknown Source) ~[?:1.8.0_441]
	at java.net.PlainSocketImpl.connect(Unknown Source) ~[?:1.8.0_441]
	at java.net.SocksSocketImpl.connect(Unknown Source) ~[?:1.8.0_441]
	at java.net.Socket.connect(Unknown Source) ~[?:1.8.0_441]
	at org.apache.jmeter.visualizers.backend.graphite.SocketOutputStreamPoolFactory.create(SocketOutputStreamPoolFactory.java:76) ~[ApacheJMeter_components.jar:5.6.3]
	at org.apache.jmeter.visualizers.backend.graphite.SocketOutputStreamPoolFactory.makeObject(SocketOutputStreamPoolFactory.java:47) ~[ApacheJMeter_components.jar:5.6.3]
	at org.apache.jmeter.visualizers.backend.graphite.SocketOutputStreamPoolFactory.makeObject(SocketOutputStreamPoolFactory.java:33) ~[ApacheJMeter_components.jar:5.6.3]
	at org.apache.commons.pool2.impl.GenericKeyedObjectPool.create(GenericKeyedObjectPool.java:796) ~[commons-pool2-2.12.0.jar:2.12.0]
	at org.apache.commons.pool2.impl.GenericKeyedObjectPool.borrowObject(GenericKeyedObjectPool.java:444) ~[commons-pool2-2.12.0.jar:2.12.0]
	at org.apache.commons.pool2.impl.GenericKeyedObjectPool.borrowObject(GenericKeyedObjectPool.java:355) ~[commons-pool2-2.12.0.jar:2.12.0]
	at org.apache.jmeter.visualizers.backend.graphite.TextGraphiteMetricsSender.writeMetrics(TextGraphiteMetricsSender.java:110) [ApacheJMeter_components.jar:5.6.3]
	at org.apache.jmeter.visualizers.backend.graphite.TextGraphiteMetricsSender.writeAndSendMetrics(TextGraphiteMetricsSender.java:104) [ApacheJMeter_components.jar:5.6.3]
	at org.apache.jmeter.visualizers.backend.graphite.GraphiteBackendListenerClient.sendMetrics(GraphiteBackendListenerClient.java:186) [ApacheJMeter_components.jar:5.6.3]
	at org.apache.jmeter.visualizers.backend.graphite.GraphiteBackendListenerClient.run(GraphiteBackendListenerClient.java:149) [ApacheJMeter_components.jar:5.6.3]
	at java.util.concurrent.Executors$RunnableAdapter.call(Unknown Source) [?:1.8.0_441]
	at java.util.concurrent.FutureTask.runAndReset(Unknown Source) [?:1.8.0_441]
	at java.util.concurrent.ScheduledThreadPoolExecutor$ScheduledFutureTask.access$301(Unknown Source) [?:1.8.0_441]
	at java.util.concurrent.ScheduledThreadPoolExecutor$ScheduledFutureTask.run(Unknown Source) [?:1.8.0_441]
	at java.util.concurrent.ThreadPoolExecutor.runWorker(Unknown Source) [?:1.8.0_441]
	at java.util.concurrent.ThreadPoolExecutor$Worker.run(Unknown Source) [?:1.8.0_441]
	at java.lang.Thread.run(Unknown Source) [?:1.8.0_441]
2025-03-10 21:32:44,417 ERROR o.a.j.v.b.g.TextGraphiteMetricsSender: Error writing to Graphite: connect timed out
java.net.SocketTimeoutException: connect timed out
	at java.net.DualStackPlainSocketImpl.waitForConnect(Native Method) ~[?:1.8.0_441]
	at java.net.DualStackPlainSocketImpl.socketConnect(Unknown Source) ~[?:1.8.0_441]
	at java.net.AbstractPlainSocketImpl.doConnect(Unknown Source) ~[?:1.8.0_441]
	at java.net.AbstractPlainSocketImpl.connectToAddress(Unknown Source) ~[?:1.8.0_441]
	at java.net.AbstractPlainSocketImpl.connect(Unknown Source) ~[?:1.8.0_441]
	at java.net.PlainSocketImpl.connect(Unknown Source) ~[?:1.8.0_441]
	at java.net.SocksSocketImpl.connect(Unknown Source) ~[?:1.8.0_441]
	at java.net.Socket.connect(Unknown Source) ~[?:1.8.0_441]
	at org.apache.jmeter.visualizers.backend.graphite.SocketOutputStreamPoolFactory.create(SocketOutputStreamPoolFactory.java:76) ~[ApacheJMeter_components.jar:5.6.3]
	at org.apache.jmeter.visualizers.backend.graphite.SocketOutputStreamPoolFactory.makeObject(SocketOutputStreamPoolFactory.java:47) ~[ApacheJMeter_components.jar:5.6.3]
	at org.apache.jmeter.visualizers.backend.graphite.SocketOutputStreamPoolFactory.makeObject(SocketOutputStreamPoolFactory.java:33) ~[ApacheJMeter_components.jar:5.6.3]
	at org.apache.commons.pool2.impl.GenericKeyedObjectPool.create(GenericKeyedObjectPool.java:796) ~[commons-pool2-2.12.0.jar:2.12.0]
	at org.apache.commons.pool2.impl.GenericKeyedObjectPool.borrowObject(GenericKeyedObjectPool.java:444) ~[commons-pool2-2.12.0.jar:2.12.0]
	at org.apache.commons.pool2.impl.GenericKeyedObjectPool.borrowObject(GenericKeyedObjectPool.java:355) ~[commons-pool2-2.12.0.jar:2.12.0]
	at org.apache.jmeter.visualizers.backend.graphite.TextGraphiteMetricsSender.writeMetrics(TextGraphiteMetricsSender.java:110) [ApacheJMeter_components.jar:5.6.3]
	at org.apache.jmeter.visualizers.backend.graphite.TextGraphiteMetricsSender.writeAndSendMetrics(TextGraphiteMetricsSender.java:104) [ApacheJMeter_components.jar:5.6.3]
	at org.apache.jmeter.visualizers.backend.graphite.GraphiteBackendListenerClient.sendMetrics(GraphiteBackendListenerClient.java:186) [ApacheJMeter_components.jar:5.6.3]
	at org.apache.jmeter.visualizers.backend.graphite.GraphiteBackendListenerClient.run(GraphiteBackendListenerClient.java:149) [ApacheJMeter_components.jar:5.6.3]
	at java.util.concurrent.Executors$RunnableAdapter.call(Unknown Source) [?:1.8.0_441]
	at java.util.concurrent.FutureTask.runAndReset(Unknown Source) [?:1.8.0_441]
	at java.util.concurrent.ScheduledThreadPoolExecutor$ScheduledFutureTask.access$301(Unknown Source) [?:1.8.0_441]
	at java.util.concurrent.ScheduledThreadPoolExecutor$ScheduledFutureTask.run(Unknown Source) [?:1.8.0_441]
	at java.util.concurrent.ThreadPoolExecutor.runWorker(Unknown Source) [?:1.8.0_441]
	at java.util.concurrent.ThreadPoolExecutor$Worker.run(Unknown Source) [?:1.8.0_441]
	at java.lang.Thread.run(Unknown Source) [?:1.8.0_441]
2025-03-10 21:32:44,516 INFO o.a.j.t.JMeterThread: Thread is done: Jmeter Users 1-2
2025-03-10 21:32:44,516 INFO o.a.j.t.JMeterThread: Thread finished: Jmeter Users 1-2
2025-03-10 21:32:44,518 INFO o.a.j.t.JMeterThread: Thread is done: Jmeter Users 1-1
2025-03-10 21:32:44,519 INFO o.a.j.t.JMeterThread: Thread finished: Jmeter Users 1-1
2025-03-10 21:32:44,533 INFO o.a.j.t.JMeterThread: Thread is done: Jmeter Users 1-5
2025-03-10 21:32:44,533 INFO o.a.j.t.JMeterThread: Thread finished: Jmeter Users 1-5
2025-03-10 21:32:44,540 INFO o.a.j.t.JMeterThread: Thread is done: Jmeter Users 1-3
2025-03-10 21:32:44,541 INFO o.a.j.t.JMeterThread: Thread finished: Jmeter Users 1-3
2025-03-10 21:32:44,548 INFO o.a.j.t.JMeterThread: Thread is done: Jmeter Users 1-4
2025-03-10 21:32:44,548 INFO o.a.j.t.JMeterThread: Thread finished: Jmeter Users 1-4
2025-03-10 21:32:44,550 INFO o.a.j.e.StandardJMeterEngine: Notifying test listeners of end of test
2025-03-10 21:32:44,561 INFO o.a.j.v.b.BackendListener: Worker ended
2025-03-10 21:32:45,441 ERROR o.a.j.v.b.g.TextGraphiteMetricsSender: Error writing to Graphite: connect timed out
java.net.SocketTimeoutException: connect timed out
	at java.net.DualStackPlainSocketImpl.waitForConnect(Native Method) ~[?:1.8.0_441]
	at java.net.DualStackPlainSocketImpl.socketConnect(Unknown Source) ~[?:1.8.0_441]
	at java.net.AbstractPlainSocketImpl.doConnect(Unknown Source) ~[?:1.8.0_441]
	at java.net.AbstractPlainSocketImpl.connectToAddress(Unknown Source) ~[?:1.8.0_441]
	at java.net.AbstractPlainSocketImpl.connect(Unknown Source) ~[?:1.8.0_441]
	at java.net.PlainSocketImpl.connect(Unknown Source) ~[?:1.8.0_441]
	at java.net.SocksSocketImpl.connect(Unknown Source) ~[?:1.8.0_441]
	at java.net.Socket.connect(Unknown Source) ~[?:1.8.0_441]
	at org.apache.jmeter.visualizers.backend.graphite.SocketOutputStreamPoolFactory.create(SocketOutputStreamPoolFactory.java:76) ~[ApacheJMeter_components.jar:5.6.3]
	at org.apache.jmeter.visualizers.backend.graphite.SocketOutputStreamPoolFactory.makeObject(SocketOutputStreamPoolFactory.java:47) ~[ApacheJMeter_components.jar:5.6.3]
	at org.apache.jmeter.visualizers.backend.graphite.SocketOutputStreamPoolFactory.makeObject(SocketOutputStreamPoolFactory.java:33) ~[ApacheJMeter_components.jar:5.6.3]
	at org.apache.commons.pool2.impl.GenericKeyedObjectPool.create(GenericKeyedObjectPool.java:796) ~[commons-pool2-2.12.0.jar:2.12.0]
	at org.apache.commons.pool2.impl.GenericKeyedObjectPool.borrowObject(GenericKeyedObjectPool.java:444) ~[commons-pool2-2.12.0.jar:2.12.0]
	at org.apache.commons.pool2.impl.GenericKeyedObjectPool.borrowObject(GenericKeyedObjectPool.java:355) ~[commons-pool2-2.12.0.jar:2.12.0]
	at org.apache.jmeter.visualizers.backend.graphite.TextGraphiteMetricsSender.writeMetrics(TextGraphiteMetricsSender.java:110) [ApacheJMeter_components.jar:5.6.3]
	at org.apache.jmeter.visualizers.backend.graphite.TextGraphiteMetricsSender.writeAndSendMetrics(TextGraphiteMetricsSender.java:104) [ApacheJMeter_components.jar:5.6.3]
	at org.apache.jmeter.visualizers.backend.graphite.GraphiteBackendListenerClient.sendMetrics(GraphiteBackendListenerClient.java:186) [ApacheJMeter_components.jar:5.6.3]
	at org.apache.jmeter.visualizers.backend.graphite.GraphiteBackendListenerClient.run(GraphiteBackendListenerClient.java:149) [ApacheJMeter_components.jar:5.6.3]
	at java.util.concurrent.Executors$RunnableAdapter.call(Unknown Source) [?:1.8.0_441]
	at java.util.concurrent.FutureTask.runAndReset(Unknown Source) [?:1.8.0_441]
	at java.util.concurrent.ScheduledThreadPoolExecutor$ScheduledFutureTask.access$301(Unknown Source) [?:1.8.0_441]
	at java.util.concurrent.ScheduledThreadPoolExecutor$ScheduledFutureTask.run(Unknown Source) [?:1.8.0_441]
	at java.util.concurrent.ThreadPoolExecutor.runWorker(Unknown Source) [?:1.8.0_441]
	at java.util.concurrent.ThreadPoolExecutor$Worker.run(Unknown Source) [?:1.8.0_441]
	at java.lang.Thread.run(Unknown Source) [?:1.8.0_441]
2025-03-10 21:32:46,451 ERROR o.a.j.v.b.g.TextGraphiteMetricsSender: Error writing to Graphite: connect timed out
java.net.SocketTimeoutException: connect timed out
	at java.net.DualStackPlainSocketImpl.waitForConnect(Native Method) ~[?:1.8.0_441]
	at java.net.DualStackPlainSocketImpl.socketConnect(Unknown Source) ~[?:1.8.0_441]
	at java.net.AbstractPlainSocketImpl.doConnect(Unknown Source) ~[?:1.8.0_441]
	at java.net.AbstractPlainSocketImpl.connectToAddress(Unknown Source) ~[?:1.8.0_441]
	at java.net.AbstractPlainSocketImpl.connect(Unknown Source) ~[?:1.8.0_441]
	at java.net.PlainSocketImpl.connect(Unknown Source) ~[?:1.8.0_441]
	at java.net.SocksSocketImpl.connect(Unknown Source) ~[?:1.8.0_441]
	at java.net.Socket.connect(Unknown Source) ~[?:1.8.0_441]
	at org.apache.jmeter.visualizers.backend.graphite.SocketOutputStreamPoolFactory.create(SocketOutputStreamPoolFactory.java:76) ~[ApacheJMeter_components.jar:5.6.3]
	at org.apache.jmeter.visualizers.backend.graphite.SocketOutputStreamPoolFactory.makeObject(SocketOutputStreamPoolFactory.java:47) ~[ApacheJMeter_components.jar:5.6.3]
	at org.apache.jmeter.visualizers.backend.graphite.SocketOutputStreamPoolFactory.makeObject(SocketOutputStreamPoolFactory.java:33) ~[ApacheJMeter_components.jar:5.6.3]
	at org.apache.commons.pool2.impl.GenericKeyedObjectPool.create(GenericKeyedObjectPool.java:796) ~[commons-pool2-2.12.0.jar:2.12.0]
	at org.apache.commons.pool2.impl.GenericKeyedObjectPool.borrowObject(GenericKeyedObjectPool.java:444) ~[commons-pool2-2.12.0.jar:2.12.0]
	at org.apache.commons.pool2.impl.GenericKeyedObjectPool.borrowObject(GenericKeyedObjectPool.java:355) ~[commons-pool2-2.12.0.jar:2.12.0]
	at org.apache.jmeter.visualizers.backend.graphite.TextGraphiteMetricsSender.writeMetrics(TextGraphiteMetricsSender.java:110) [ApacheJMeter_components.jar:5.6.3]
	at org.apache.jmeter.visualizers.backend.graphite.TextGraphiteMetricsSender.writeAndSendMetrics(TextGraphiteMetricsSender.java:104) [ApacheJMeter_components.jar:5.6.3]
	at org.apache.jmeter.visualizers.backend.graphite.GraphiteBackendListenerClient.sendMetrics(GraphiteBackendListenerClient.java:186) [ApacheJMeter_components.jar:5.6.3]
	at org.apache.jmeter.visualizers.backend.graphite.GraphiteBackendListenerClient.teardownTest(GraphiteBackendListenerClient.java:367) [ApacheJMeter_components.jar:5.6.3]
	at org.apache.jmeter.visualizers.backend.BackendListener.testEnded(BackendListener.java:375) [ApacheJMeter_components.jar:5.6.3]
	at org.apache.jmeter.visualizers.backend.BackendListener.testEnded(BackendListener.java:383) [ApacheJMeter_components.jar:5.6.3]
	at org.apache.jmeter.engine.StandardJMeterEngine.notifyTestListenersOfEnd(StandardJMeterEngine.java:266) [ApacheJMeter_core.jar:5.6.3]
	at org.apache.jmeter.engine.StandardJMeterEngine.run(StandardJMeterEngine.java:543) [ApacheJMeter_core.jar:5.6.3]
	at java.util.concurrent.Executors$RunnableAdapter.call(Unknown Source) [?:1.8.0_441]
	at java.util.concurrent.FutureTask.run(Unknown Source) [?:1.8.0_441]
	at java.util.concurrent.ThreadPoolExecutor.runWorker(Unknown Source) [?:1.8.0_441]
	at java.util.concurrent.ThreadPoolExecutor$Worker.run(Unknown Source) [?:1.8.0_441]
	at java.lang.Thread.run(Unknown Source) [?:1.8.0_441]
2025-03-10 21:32:46,461 INFO o.a.j.r.Summariser: summary =     20 in 00:00:05 =    3.9/s Avg:   663 Min:   127 Max:  2255 Err:     0 (0.00%)
2025-03-10 21:32:46,465 INFO o.a.j.JMeter: Generating Dashboard
2025-03-10 21:32:46,465 INFO o.a.j.r.d.ReportGenerator: Flushing result collector before report Generation
2025-03-10 21:32:46,559 INFO o.a.j.r.p.NormalizerSampleConsumer: Using format, 'ms', to parse timeStamp field
2025-03-10 21:32:46,697 INFO o.a.j.r.p.AbstractSampleConsumer: class org.apache.jmeter.report.processor.AggregateConsumer#stopProducing(): beginDate produced 0 samples
2025-03-10 21:32:46,697 INFO o.a.j.r.p.AbstractSampleConsumer: class org.apache.jmeter.report.processor.AggregateConsumer#stopProducing(): endDate produced 0 samples
2025-03-10 21:32:46,700 INFO o.a.j.r.p.AbstractSampleConsumer: class org.apache.jmeter.report.processor.ApdexSummaryConsumer#stopProducing(): apdexSummary produced 0 samples
2025-03-10 21:32:46,700 INFO o.a.j.r.p.AbstractSampleConsumer: class org.apache.jmeter.report.processor.RequestsSummaryConsumer#stopProducing(): requestsSummary produced 0 samples
2025-03-10 21:32:46,701 INFO o.a.j.r.p.AbstractSampleConsumer: class org.apache.jmeter.report.processor.StatisticsSummaryConsumer#stopProducing(): statisticsSummary produced 0 samples
2025-03-10 21:32:46,711 INFO o.a.j.r.p.AbstractSampleConsumer: class org.apache.jmeter.report.processor.Top5ErrorsBySamplerConsumer#stopProducing(): top5ErrorsBySampler produced 0 samples
2025-03-10 21:32:46,711 INFO o.a.j.r.p.AbstractSampleConsumer: class org.apache.jmeter.report.processor.ErrorsSummaryConsumer#stopProducing(): errorsSummary produced 0 samples
2025-03-10 21:32:46,712 INFO o.a.j.r.p.AbstractSampleConsumer: class org.apache.jmeter.report.processor.graph.impl.HitsPerSecondGraphConsumer#stopProducing(): hitsPerSecond produced 0 samples
2025-03-10 21:32:46,787 INFO o.a.j.r.p.AbstractSampleConsumer: class org.apache.jmeter.report.processor.graph.impl.LatencyVSRequestGraphConsumer#stopProducing(): latencyVsRequest produced 0 samples
2025-03-10 21:32:46,787 INFO o.a.j.r.p.AbstractSampleConsumer: class org.apache.jmeter.report.processor.graph.impl.SyntheticResponseTimeDistributionGraphConsumer#stopProducing(): syntheticResponseTimeDistribution produced 0 samples
2025-03-10 21:32:46,788 INFO o.a.j.r.p.AbstractSampleConsumer: class org.apache.jmeter.report.processor.graph.impl.BytesThroughputGraphConsumer#stopProducing(): bytesThroughputOverTime produced 0 samples
2025-03-10 21:32:46,789 INFO o.a.j.r.p.AbstractSampleConsumer: class org.apache.jmeter.report.processor.graph.impl.CodesPerSecondGraphConsumer#stopProducing(): codesPerSecond produced 0 samples
2025-03-10 21:32:46,819 INFO o.a.j.r.p.AbstractSampleConsumer: class org.apache.jmeter.report.processor.graph.impl.ResponseTimeVSRequestGraphConsumer#stopProducing(): responseTimeVsRequest produced 0 samples
2025-03-10 21:32:46,820 INFO o.a.j.r.p.AbstractSampleConsumer: class org.apache.jmeter.report.processor.FilterConsumer#stopProducing(): startIntervalControlerFilter produced 420 samples
2025-03-10 21:32:46,820 INFO o.a.j.r.p.AbstractSampleConsumer: class org.apache.jmeter.report.processor.graph.impl.TotalTPSGraphConsumer#stopProducing(): totalTPS produced 0 samples
2025-03-10 21:32:46,820 INFO o.a.j.r.p.AbstractSampleConsumer: class org.apache.jmeter.report.processor.graph.impl.ActiveThreadsGraphConsumer#stopProducing(): activeThreadsOverTime produced 0 samples
2025-03-10 21:32:46,821 INFO o.a.j.r.p.AbstractSampleConsumer: class org.apache.jmeter.report.processor.graph.impl.TimeVSThreadGraphConsumer#stopProducing(): timeVsThreads produced 0 samples
2025-03-10 21:32:46,821 INFO o.a.j.r.p.AbstractSampleConsumer: class org.apache.jmeter.report.processor.graph.impl.ResponseTimeDistributionGraphConsumer#stopProducing(): responseTimeDistribution produced 0 samples
2025-03-10 21:32:46,822 INFO o.a.j.r.p.AbstractSampleConsumer: class org.apache.jmeter.report.processor.graph.impl.TransactionsPerSecondGraphConsumer#stopProducing(): transactionsPerSecond produced 0 samples
2025-03-10 21:32:46,822 INFO o.a.j.r.p.AbstractSampleConsumer: class org.apache.jmeter.report.processor.graph.impl.ResponseTimePercentilesGraphConsumer#stopProducing(): responseTimePercentiles produced 0 samples
2025-03-10 21:32:46,831 INFO o.a.j.r.p.AbstractSampleConsumer: class org.apache.jmeter.report.processor.graph.impl.ResponseTimePercentilesOverTimeGraphConsumer#stopProducing(): responseTimePercentilesOverTime produced 0 samples
2025-03-10 21:32:46,832 INFO o.a.j.r.p.AbstractSampleConsumer: class org.apache.jmeter.report.processor.graph.impl.ResponseTimeOverTimeGraphConsumer#stopProducing(): responseTimesOverTime produced 0 samples
2025-03-10 21:32:46,832 INFO o.a.j.r.p.AbstractSampleConsumer: class org.apache.jmeter.report.processor.graph.impl.ConnectTimeOverTimeGraphConsumer#stopProducing(): connectTimeOverTime produced 0 samples
2025-03-10 21:32:46,832 INFO o.a.j.r.p.AbstractSampleConsumer: class org.apache.jmeter.report.processor.graph.impl.LatencyOverTimeGraphConsumer#stopProducing(): latenciesOverTime produced 0 samples
2025-03-10 21:32:46,832 INFO o.a.j.r.p.AbstractSampleConsumer: class org.apache.jmeter.report.processor.FilterConsumer#stopProducing(): nameFilter produced 900 samples
2025-03-10 21:32:46,832 INFO o.a.j.r.p.AbstractSampleConsumer: class org.apache.jmeter.report.processor.FilterConsumer#stopProducing(): dateRangeFilter produced 180 samples
2025-03-10 21:32:46,832 INFO o.a.j.r.p.AbstractSampleConsumer: class org.apache.jmeter.report.processor.NormalizerSampleConsumer#stopProducing(): normalizer produced 60 samples
2025-03-10 21:32:46,833 INFO o.a.j.r.p.CsvFileSampleSource: produce(): 60 samples produced in 186ms on channel 0
2025-03-10 21:32:46,833 INFO o.a.j.r.d.ReportGenerator: Exporting data using exporter:'json' of className:'org.apache.jmeter.report.dashboard.JsonExporter'
2025-03-10 21:32:47,166 INFO o.a.j.r.d.JsonExporter: Found data for consumer statisticsSummary in context
2025-03-10 21:32:47,166 INFO o.a.j.r.d.JsonExporter: Creating statistics for overall
2025-03-10 21:32:47,167 INFO o.a.j.r.d.JsonExporter: Creating statistics for other transactions
2025-03-10 21:32:47,168 INFO o.a.j.r.d.JsonExporter: Checking output folder
2025-03-10 21:32:47,172 INFO o.a.j.r.d.JsonExporter: Writing statistics JSON to C:\soporte\apache-jmeter-5.6.3\apache-jmeter-5.6.3\bin\.\_ALO_WRITE_FOLDER\statistics.json
2025-03-10 21:32:47,262 INFO o.a.j.r.d.ReportGenerator: Exporting data using exporter:'html' of className:'org.apache.jmeter.report.dashboard.HtmlTemplateExporter'
2025-03-10 21:32:47,265 INFO o.a.j.r.d.HtmlTemplateExporter: Will generate dashboard in folder: C:\soporte\apache-jmeter-5.6.3\apache-jmeter-5.6.3\bin\.\_ALO_WRITE_FOLDER
2025-03-10 21:32:47,520 INFO o.a.j.r.d.HtmlTemplateExporter: Report will be generated in: C:\soporte\apache-jmeter-5.6.3\apache-jmeter-5.6.3\bin\.\_ALO_WRITE_FOLDER, creating folder structure
2025-03-10 21:32:47,529 INFO o.a.j.r.d.TemplateVisitor: Copying folder from 'C:\soporte\apache-jmeter-5.6.3\apache-jmeter-5.6.3\bin\report-template' to 'C:\soporte\apache-jmeter-5.6.3\apache-jmeter-5.6.3\bin\.\_ALO_WRITE_FOLDER', got message: C:\soporte\apache-jmeter-5.6.3\apache-jmeter-5.6.3\bin\.\_ALO_WRITE_FOLDER, found non empty folder with following content [C:\soporte\apache-jmeter-5.6.3\apache-jmeter-5.6.3\bin\.\_ALO_WRITE_FOLDER\statistics.json], will be ignored
2025-03-10 21:32:48,719 INFO o.a.j.JMeter: Dashboard generated
