2025-03-11 11:43:19,822 INFO o.a.j.u.JMeterUtils: Setting Locale to en_EN
2025-03-11 11:43:19,837 INFO o.a.j.JMeter: Loading user properties from: user.properties
2025-03-11 11:43:19,837 INFO o.a.j.JMeter: Loading system properties from: system.properties
2025-03-11 11:43:19,853 INFO o.a.j.JMeter: Copyright (c) 1998-2024 The Apache Software Foundation
2025-03-11 11:43:19,853 INFO o.a.j.JMeter: Version 5.6.3
2025-03-11 11:43:19,853 INFO o.a.j.JMeter: java.version=1.8.0_441
2025-03-11 11:43:19,853 INFO o.a.j.JMeter: java.vm.name=Java HotSpot(TM) 64-Bit Server VM
2025-03-11 11:43:19,853 INFO o.a.j.JMeter: os.name=Windows 10
2025-03-11 11:43:19,853 INFO o.a.j.JMeter: os.arch=amd64
2025-03-11 11:43:19,853 INFO o.a.j.JMeter: os.version=10.0
2025-03-11 11:43:19,853 INFO o.a.j.JMeter: file.encoding=Cp1252
2025-03-11 11:43:19,853 INFO o.a.j.JMeter: java.awt.headless=true
2025-03-11 11:43:19,853 INFO o.a.j.JMeter: Max memory     =1073741824
2025-03-11 11:43:19,853 INFO o.a.j.JMeter: Available Processors =2
2025-03-11 11:43:19,853 INFO o.a.j.JMeter: Default Locale=English (EN)
2025-03-11 11:43:19,853 INFO o.a.j.JMeter: JMeter  Locale=English (EN)
2025-03-11 11:43:19,853 INFO o.a.j.JMeter: JMeterHome=C:\soporte\apache-jmeter-5.6.3\apache-jmeter-5.6.3
2025-03-11 11:43:19,853 INFO o.a.j.JMeter: user.dir  =C:\soporte\apache-jmeter-5.6.3\apache-jmeter-5.6.3\bin
2025-03-11 11:43:19,853 INFO o.a.j.JMeter: PWD       =C:\soporte\apache-jmeter-5.6.3\apache-jmeter-5.6.3\bin
2025-03-11 11:43:19,853 INFO o.a.j.JMeter: IP: 192.168.0.189 Name: DESKTOP-6K7JFCA FullName: DESKTOP-6K7JFCA
2025-03-11 11:43:19,869 INFO o.a.j.JMeter: Setting property 'jmeter.reportgenerator.outputdir' to:'C:\soporte\apache-jmeter-5.6.3\apache-jmeter-5.6.3\bin\.\_ALO_WRITE_FOLDER5'
2025-03-11 11:43:19,884 INFO o.a.j.s.FileServer: Default base='C:\soporte\apache-jmeter-5.6.3\apache-jmeter-5.6.3\bin'
2025-03-11 11:43:19,900 INFO o.a.j.s.FileServer: Set new base='C:\soporte\apache-jmeter-5.6.3\apache-jmeter-5.6.3\bin\.'
2025-03-11 11:43:20,259 INFO o.a.j.s.SaveService: Testplan (JMX) version: 2.2. Testlog (JTL) version: 2.2
2025-03-11 11:43:20,322 INFO o.a.j.s.SaveService: Using SaveService properties file encoding UTF-8
2025-03-11 11:43:20,322 INFO o.a.j.s.SaveService: Using SaveService properties version 5.0
2025-03-11 11:43:20,337 INFO o.a.j.s.SaveService: Loading file: .\mediatech2.jmx
2025-03-11 11:43:20,415 INFO o.a.j.p.h.c.CookieManager: Settings: Delete null: true Check: true Allow variable: true Save: false Prefix: COOKIE_
2025-03-11 11:43:20,462 INFO o.a.j.p.h.s.HTTPSamplerBase: Parser for text/html is org.apache.jmeter.protocol.http.parser.LagartoBasedHtmlParser
2025-03-11 11:43:20,462 INFO o.a.j.p.h.s.HTTPSamplerBase: Parser for application/xhtml+xml is org.apache.jmeter.protocol.http.parser.LagartoBasedHtmlParser
2025-03-11 11:43:20,462 INFO o.a.j.p.h.s.HTTPSamplerBase: Parser for application/xml is org.apache.jmeter.protocol.http.parser.LagartoBasedHtmlParser
2025-03-11 11:43:20,462 INFO o.a.j.p.h.s.HTTPSamplerBase: Parser for text/xml is org.apache.jmeter.protocol.http.parser.LagartoBasedHtmlParser
2025-03-11 11:43:20,462 INFO o.a.j.p.h.s.HTTPSamplerBase: Parser for text/vnd.wap.wml is org.apache.jmeter.protocol.http.parser.RegexpHTMLParser
2025-03-11 11:43:20,462 INFO o.a.j.p.h.s.HTTPSamplerBase: Parser for text/css is org.apache.jmeter.protocol.http.parser.CssParser
2025-03-11 11:43:20,994 INFO o.a.j.s.SampleResult: Note: Sample TimeStamps are START times
2025-03-11 11:43:20,994 INFO o.a.j.s.SampleResult: sampleresult.default.encoding is set to UTF-8
2025-03-11 11:43:20,994 INFO o.a.j.s.SampleResult: sampleresult.useNanoTime=true
2025-03-11 11:43:20,994 INFO o.a.j.s.SampleResult: sampleresult.nanoThreadSleep=5000
2025-03-11 11:43:21,025 INFO o.a.j.JMeter: Creating summariser <summary>
2025-03-11 11:43:21,041 INFO o.a.j.r.d.ReportGenerator: ReportGenerator will use for Parsing the separator: ','
2025-03-11 11:43:21,041 INFO o.a.j.r.d.ReportGenerator: Will generate report at end of test from  results file: _ALO_results_file5
2025-03-11 11:43:21,041 INFO o.a.j.r.d.ReportGenerator: Reading report generator properties from: C:\soporte\apache-jmeter-5.6.3\apache-jmeter-5.6.3\bin\reportgenerator.properties
2025-03-11 11:43:21,072 INFO o.a.j.r.d.ReportGenerator: Merging with JMeter properties
2025-03-11 11:43:21,087 INFO o.a.j.r.c.ReportGeneratorConfiguration: Property 'jmeter.reportgenerator.temp_dir' not found, using default value 'temp' instead.
2025-03-11 11:43:21,103 INFO o.a.j.r.c.ReportGeneratorConfiguration: Property 'jmeter.reportgenerator.apdex_per_transaction' not found, using default value 'null' instead.
2025-03-11 11:43:21,103 INFO o.a.j.r.c.ReportGeneratorConfiguration: apdex_per_transaction is empty, not APDEX per transaction customization
2025-03-11 11:43:21,103 INFO o.a.j.r.c.ReportGeneratorConfiguration: Property 'jmeter.reportgenerator.sample_filter' not found, using default value 'null' instead.
2025-03-11 11:43:21,103 INFO o.a.j.r.c.ReportGeneratorConfiguration: Property 'jmeter.reportgenerator.report_title' not found, using default value 'null' instead.
2025-03-11 11:43:21,103 INFO o.a.j.r.c.ReportGeneratorConfiguration: Property 'jmeter.reportgenerator.start_date' not found, using default value 'null' instead.
2025-03-11 11:43:21,103 INFO o.a.j.r.c.ReportGeneratorConfiguration: Property 'jmeter.reportgenerator.end_date' not found, using default value 'null' instead.
2025-03-11 11:43:21,103 INFO o.a.j.r.c.ReportGeneratorConfiguration: Property 'jmeter.reportgenerator.date_format' not found, using default value 'null' instead.
2025-03-11 11:43:21,103 INFO o.a.j.r.c.ReportGeneratorConfiguration: Will use date range start date: null, end date: null
2025-03-11 11:43:21,119 INFO o.a.j.r.c.ReportGeneratorConfiguration: Property 'jmeter.reportgenerator.graph.totalTPS.exclude_controllers' not found, using default value 'false' instead.
2025-03-11 11:43:21,119 INFO o.a.j.r.c.ReportGeneratorConfiguration: Property 'jmeter.reportgenerator.graph.activeThreadsOverTime.exclude_controllers' not found, using default value 'false' instead.
2025-03-11 11:43:21,119 INFO o.a.j.r.c.ReportGeneratorConfiguration: Property 'jmeter.reportgenerator.graph.timeVsThreads.exclude_controllers' not found, using default value 'false' instead.
2025-03-11 11:43:21,119 INFO o.a.j.r.c.ReportGeneratorConfiguration: Property 'jmeter.reportgenerator.graph.responseTimeDistribution.exclude_controllers' not found, using default value 'false' instead.
2025-03-11 11:43:21,119 INFO o.a.j.r.c.ReportGeneratorConfiguration: Property 'jmeter.reportgenerator.graph.transactionsPerSecond.exclude_controllers' not found, using default value 'false' instead.
2025-03-11 11:43:21,119 INFO o.a.j.r.c.ReportGeneratorConfiguration: Property 'jmeter.reportgenerator.graph.responseTimePercentiles.exclude_controllers' not found, using default value 'false' instead.
2025-03-11 11:43:21,142 INFO o.a.j.r.c.ReportGeneratorConfiguration: Property 'jmeter.reportgenerator.graph.responseTimePercentilesOverTime.exclude_controllers' not found, using default value 'false' instead.
2025-03-11 11:43:21,142 INFO o.a.j.r.c.ReportGeneratorConfiguration: Property 'jmeter.reportgenerator.graph.responseTimesOverTime.exclude_controllers' not found, using default value 'false' instead.
2025-03-11 11:43:21,142 INFO o.a.j.r.c.ReportGeneratorConfiguration: Property 'jmeter.reportgenerator.graph.connectTimeOverTime.exclude_controllers' not found, using default value 'false' instead.
2025-03-11 11:43:21,142 INFO o.a.j.r.c.ReportGeneratorConfiguration: Property 'jmeter.reportgenerator.graph.latenciesOverTime.exclude_controllers' not found, using default value 'false' instead.
2025-03-11 11:43:21,142 INFO o.a.j.r.c.ReportGeneratorConfiguration: Property 'jmeter.reportgenerator.exporter.json.filters_only_sample_series' not found, using default value 'true' instead.
2025-03-11 11:43:21,142 INFO o.a.j.r.c.ReportGeneratorConfiguration: Property 'jmeter.reportgenerator.exporter.json.series_filter' not found, using default value '' instead.
2025-03-11 11:43:21,142 INFO o.a.j.r.c.ReportGeneratorConfiguration: Property 'jmeter.reportgenerator.exporter.json.show_controllers_only' not found, using default value 'false' instead.
2025-03-11 11:43:21,142 INFO o.a.j.r.c.ReportGeneratorConfiguration: Property 'jmeter.reportgenerator.exporter.html.filters_only_sample_series' not found, using default value 'true' instead.
2025-03-11 11:43:21,142 INFO o.a.j.r.c.ReportGeneratorConfiguration: Property 'jmeter.reportgenerator.exporter.html.series_filter' not found, using default value '' instead.
2025-03-11 11:43:21,142 INFO o.a.j.r.c.ReportGeneratorConfiguration: Property 'jmeter.reportgenerator.exporter.html.show_controllers_only' not found, using default value 'false' instead.
2025-03-11 11:43:21,217 INFO o.a.j.e.StandardJMeterEngine: Running the test!
2025-03-11 11:43:21,259 INFO o.a.j.s.SampleEvent: List of sample_variables: []
2025-03-11 11:43:21,259 INFO o.a.j.s.SampleEvent: List of sample_variables: []
2025-03-11 11:43:21,275 INFO o.a.j.e.u.CompoundVariable: Note: Function class names must contain the string: '.functions.'
2025-03-11 11:43:21,275 INFO o.a.j.e.u.CompoundVariable: Note: Function class names must not contain the string: '.gui.'
2025-03-11 11:43:22,228 INFO o.a.j.v.b.BackendListener: Backend Listener: Starting worker with class: class org.apache.jmeter.visualizers.backend.graphite.GraphiteBackendListenerClient and queue capacity: 5000
2025-03-11 11:43:22,243 INFO o.a.j.v.b.BackendListener: Backend Listener: Started  worker with class: class org.apache.jmeter.visualizers.backend.graphite.GraphiteBackendListenerClient
2025-03-11 11:43:22,290 INFO o.a.j.v.b.g.TextGraphiteMetricsSender: Created TextGraphiteMetricsSender with host: , port: 2003, prefix: jmeter.
2025-03-11 11:43:22,306 INFO o.a.j.JMeter: Running test (1741707802306)
2025-03-11 11:43:22,368 INFO o.a.j.e.StandardJMeterEngine: Starting ThreadGroup: 1 : Mediatech Azure App Service WEB APP
2025-03-11 11:43:22,368 INFO o.a.j.e.StandardJMeterEngine: Starting 5 threads for group Mediatech Azure App Service WEB APP.
2025-03-11 11:43:22,368 INFO o.a.j.e.StandardJMeterEngine: Thread will continue on error
2025-03-11 11:43:22,368 INFO o.a.j.t.ThreadGroup: Starting thread group... number=1 threads=5 ramp-up=1 delayedStart=false
2025-03-11 11:43:22,384 INFO o.a.j.t.ThreadGroup: Started thread group number 1
2025-03-11 11:43:22,384 INFO o.a.j.e.StandardJMeterEngine: All thread groups have been started
2025-03-11 11:43:22,400 INFO o.a.j.t.JMeterThread: Thread started: Mediatech Azure App Service WEB APP 1-1
2025-03-11 11:43:22,510 INFO o.a.j.p.h.s.HTTPHCAbstractImpl: Local host = DESKTOP-6K7JFCA
2025-03-11 11:43:22,520 INFO o.a.j.p.h.s.HTTPHC4Impl: HTTP request retry count = 0
2025-03-11 11:43:22,636 INFO o.a.j.t.JMeterThread: Thread started: Mediatech Azure App Service WEB APP 1-2
2025-03-11 11:43:22,835 INFO o.a.j.t.JMeterThread: Thread started: Mediatech Azure App Service WEB APP 1-3
2025-03-11 11:43:23,035 INFO o.a.j.t.JMeterThread: Thread started: Mediatech Azure App Service WEB APP 1-4
2025-03-11 11:43:23,235 INFO o.a.j.t.JMeterThread: Thread started: Mediatech Azure App Service WEB APP 1-5
2025-03-11 11:43:24,322 ERROR o.a.j.v.b.g.TextGraphiteMetricsSender: Error writing to Graphite: connect timed out
java.net.SocketTimeoutException: connect timed out
	at java.net.DualStackPlainSocketImpl.waitForConnect(Native Method) ~[?:1.8.0_441]
	at java.net.DualStackPlainSocketImpl.socketConnect(Unknown Source) ~[?:1.8.0_441]
	at java.net.AbstractPlainSocketImpl.doConnect(Unknown Source) ~[?:1.8.0_441]
	at java.net.AbstractPlainSocketImpl.connectToAddress(Unknown Source) ~[?:1.8.0_441]
	at java.net.AbstractPlainSocketImpl.connect(Unknown Source) ~[?:1.8.0_441]
	at java.net.PlainSocketImpl.connect(Unknown Source) ~[?:1.8.0_441]
	at java.net.SocksSocketImpl.connect(Unknown Source) ~[?:1.8.0_441]
	at java.net.Socket.connect(Unknown Source) ~[?:1.8.0_441]
	at org.apache.jmeter.visualizers.backend.graphite.SocketOutputStreamPoolFactory.create(SocketOutputStreamPoolFactory.java:76) ~[ApacheJMeter_components.jar:5.6.3]
	at org.apache.jmeter.visualizers.backend.graphite.SocketOutputStreamPoolFactory.makeObject(SocketOutputStreamPoolFactory.java:47) ~[ApacheJMeter_components.jar:5.6.3]
	at org.apache.jmeter.visualizers.backend.graphite.SocketOutputStreamPoolFactory.makeObject(SocketOutputStreamPoolFactory.java:33) ~[ApacheJMeter_components.jar:5.6.3]
	at org.apache.commons.pool2.impl.GenericKeyedObjectPool.create(GenericKeyedObjectPool.java:796) ~[commons-pool2-2.12.0.jar:2.12.0]
	at org.apache.commons.pool2.impl.GenericKeyedObjectPool.borrowObject(GenericKeyedObjectPool.java:444) ~[commons-pool2-2.12.0.jar:2.12.0]
	at org.apache.commons.pool2.impl.GenericKeyedObjectPool.borrowObject(GenericKeyedObjectPool.java:355) ~[commons-pool2-2.12.0.jar:2.12.0]
	at org.apache.jmeter.visualizers.backend.graphite.TextGraphiteMetricsSender.writeMetrics(TextGraphiteMetricsSender.java:110) [ApacheJMeter_components.jar:5.6.3]
	at org.apache.jmeter.visualizers.backend.graphite.TextGraphiteMetricsSender.writeAndSendMetrics(TextGraphiteMetricsSender.java:104) [ApacheJMeter_components.jar:5.6.3]
	at org.apache.jmeter.visualizers.backend.graphite.GraphiteBackendListenerClient.sendMetrics(GraphiteBackendListenerClient.java:186) [ApacheJMeter_components.jar:5.6.3]
	at org.apache.jmeter.visualizers.backend.graphite.GraphiteBackendListenerClient.run(GraphiteBackendListenerClient.java:149) [ApacheJMeter_components.jar:5.6.3]
	at java.util.concurrent.Executors$RunnableAdapter.call(Unknown Source) [?:1.8.0_441]
	at java.util.concurrent.FutureTask.runAndReset(Unknown Source) [?:1.8.0_441]
	at java.util.concurrent.ScheduledThreadPoolExecutor$ScheduledFutureTask.access$301(Unknown Source) [?:1.8.0_441]
	at java.util.concurrent.ScheduledThreadPoolExecutor$ScheduledFutureTask.run(Unknown Source) [?:1.8.0_441]
	at java.util.concurrent.ThreadPoolExecutor.runWorker(Unknown Source) [?:1.8.0_441]
	at java.util.concurrent.ThreadPoolExecutor$Worker.run(Unknown Source) [?:1.8.0_441]
	at java.lang.Thread.run(Unknown Source) [?:1.8.0_441]
2025-03-11 11:43:24,835 INFO o.a.j.u.JsseSSLManager: Using default SSL protocol: TLS
2025-03-11 11:43:24,835 INFO o.a.j.u.JsseSSLManager: SSL session context: per-thread
2025-03-11 11:43:25,085 INFO o.a.j.t.JMeterThread: Thread is done: Mediatech Azure App Service WEB APP 1-1
2025-03-11 11:43:25,085 INFO o.a.j.t.JMeterThread: Thread finished: Mediatech Azure App Service WEB APP 1-1
2025-03-11 11:43:25,101 INFO o.a.j.t.JMeterThread: Thread is done: Mediatech Azure App Service WEB APP 1-2
2025-03-11 11:43:25,101 INFO o.a.j.t.JMeterThread: Thread finished: Mediatech Azure App Service WEB APP 1-2
2025-03-11 11:43:25,101 INFO o.a.j.t.JMeterThread: Thread is done: Mediatech Azure App Service WEB APP 1-5
2025-03-11 11:43:25,101 INFO o.a.j.t.JMeterThread: Thread finished: Mediatech Azure App Service WEB APP 1-5
2025-03-11 11:43:25,101 INFO o.a.j.t.JMeterThread: Thread is done: Mediatech Azure App Service WEB APP 1-4
2025-03-11 11:43:25,101 INFO o.a.j.t.JMeterThread: Thread finished: Mediatech Azure App Service WEB APP 1-4
2025-03-11 11:43:25,101 INFO o.a.j.t.JMeterThread: Thread is done: Mediatech Azure App Service WEB APP 1-3
2025-03-11 11:43:25,101 INFO o.a.j.t.JMeterThread: Thread finished: Mediatech Azure App Service WEB APP 1-3
2025-03-11 11:43:25,117 INFO o.a.j.e.StandardJMeterEngine: Notifying test listeners of end of test
2025-03-11 11:43:25,132 INFO o.a.j.v.b.BackendListener: Worker ended
2025-03-11 11:43:25,351 ERROR o.a.j.v.b.g.TextGraphiteMetricsSender: Error writing to Graphite: connect timed out
java.net.SocketTimeoutException: connect timed out
	at java.net.DualStackPlainSocketImpl.waitForConnect(Native Method) ~[?:1.8.0_441]
	at java.net.DualStackPlainSocketImpl.socketConnect(Unknown Source) ~[?:1.8.0_441]
	at java.net.AbstractPlainSocketImpl.doConnect(Unknown Source) ~[?:1.8.0_441]
	at java.net.AbstractPlainSocketImpl.connectToAddress(Unknown Source) ~[?:1.8.0_441]
	at java.net.AbstractPlainSocketImpl.connect(Unknown Source) ~[?:1.8.0_441]
	at java.net.PlainSocketImpl.connect(Unknown Source) ~[?:1.8.0_441]
	at java.net.SocksSocketImpl.connect(Unknown Source) ~[?:1.8.0_441]
	at java.net.Socket.connect(Unknown Source) ~[?:1.8.0_441]
	at org.apache.jmeter.visualizers.backend.graphite.SocketOutputStreamPoolFactory.create(SocketOutputStreamPoolFactory.java:76) ~[ApacheJMeter_components.jar:5.6.3]
	at org.apache.jmeter.visualizers.backend.graphite.SocketOutputStreamPoolFactory.makeObject(SocketOutputStreamPoolFactory.java:47) ~[ApacheJMeter_components.jar:5.6.3]
	at org.apache.jmeter.visualizers.backend.graphite.SocketOutputStreamPoolFactory.makeObject(SocketOutputStreamPoolFactory.java:33) ~[ApacheJMeter_components.jar:5.6.3]
	at org.apache.commons.pool2.impl.GenericKeyedObjectPool.create(GenericKeyedObjectPool.java:796) ~[commons-pool2-2.12.0.jar:2.12.0]
	at org.apache.commons.pool2.impl.GenericKeyedObjectPool.borrowObject(GenericKeyedObjectPool.java:444) ~[commons-pool2-2.12.0.jar:2.12.0]
	at org.apache.commons.pool2.impl.GenericKeyedObjectPool.borrowObject(GenericKeyedObjectPool.java:355) ~[commons-pool2-2.12.0.jar:2.12.0]
	at org.apache.jmeter.visualizers.backend.graphite.TextGraphiteMetricsSender.writeMetrics(TextGraphiteMetricsSender.java:110) [ApacheJMeter_components.jar:5.6.3]
	at org.apache.jmeter.visualizers.backend.graphite.TextGraphiteMetricsSender.writeAndSendMetrics(TextGraphiteMetricsSender.java:104) [ApacheJMeter_components.jar:5.6.3]
	at org.apache.jmeter.visualizers.backend.graphite.GraphiteBackendListenerClient.sendMetrics(GraphiteBackendListenerClient.java:186) [ApacheJMeter_components.jar:5.6.3]
	at org.apache.jmeter.visualizers.backend.graphite.GraphiteBackendListenerClient.run(GraphiteBackendListenerClient.java:149) [ApacheJMeter_components.jar:5.6.3]
	at java.util.concurrent.Executors$RunnableAdapter.call(Unknown Source) [?:1.8.0_441]
	at java.util.concurrent.FutureTask.runAndReset(Unknown Source) [?:1.8.0_441]
	at java.util.concurrent.ScheduledThreadPoolExecutor$ScheduledFutureTask.access$301(Unknown Source) [?:1.8.0_441]
	at java.util.concurrent.ScheduledThreadPoolExecutor$ScheduledFutureTask.run(Unknown Source) [?:1.8.0_441]
	at java.util.concurrent.ThreadPoolExecutor.runWorker(Unknown Source) [?:1.8.0_441]
	at java.util.concurrent.ThreadPoolExecutor$Worker.run(Unknown Source) [?:1.8.0_441]
	at java.lang.Thread.run(Unknown Source) [?:1.8.0_441]
2025-03-11 11:43:26,365 ERROR o.a.j.v.b.g.TextGraphiteMetricsSender: Error writing to Graphite: connect timed out
java.net.SocketTimeoutException: connect timed out
	at java.net.DualStackPlainSocketImpl.waitForConnect(Native Method) ~[?:1.8.0_441]
	at java.net.DualStackPlainSocketImpl.socketConnect(Unknown Source) ~[?:1.8.0_441]
	at java.net.AbstractPlainSocketImpl.doConnect(Unknown Source) ~[?:1.8.0_441]
	at java.net.AbstractPlainSocketImpl.connectToAddress(Unknown Source) ~[?:1.8.0_441]
	at java.net.AbstractPlainSocketImpl.connect(Unknown Source) ~[?:1.8.0_441]
	at java.net.PlainSocketImpl.connect(Unknown Source) ~[?:1.8.0_441]
	at java.net.SocksSocketImpl.connect(Unknown Source) ~[?:1.8.0_441]
	at java.net.Socket.connect(Unknown Source) ~[?:1.8.0_441]
	at org.apache.jmeter.visualizers.backend.graphite.SocketOutputStreamPoolFactory.create(SocketOutputStreamPoolFactory.java:76) ~[ApacheJMeter_components.jar:5.6.3]
	at org.apache.jmeter.visualizers.backend.graphite.SocketOutputStreamPoolFactory.makeObject(SocketOutputStreamPoolFactory.java:47) ~[ApacheJMeter_components.jar:5.6.3]
	at org.apache.jmeter.visualizers.backend.graphite.SocketOutputStreamPoolFactory.makeObject(SocketOutputStreamPoolFactory.java:33) ~[ApacheJMeter_components.jar:5.6.3]
	at org.apache.commons.pool2.impl.GenericKeyedObjectPool.create(GenericKeyedObjectPool.java:796) ~[commons-pool2-2.12.0.jar:2.12.0]
	at org.apache.commons.pool2.impl.GenericKeyedObjectPool.borrowObject(GenericKeyedObjectPool.java:444) ~[commons-pool2-2.12.0.jar:2.12.0]
	at org.apache.commons.pool2.impl.GenericKeyedObjectPool.borrowObject(GenericKeyedObjectPool.java:355) ~[commons-pool2-2.12.0.jar:2.12.0]
	at org.apache.jmeter.visualizers.backend.graphite.TextGraphiteMetricsSender.writeMetrics(TextGraphiteMetricsSender.java:110) [ApacheJMeter_components.jar:5.6.3]
	at org.apache.jmeter.visualizers.backend.graphite.TextGraphiteMetricsSender.writeAndSendMetrics(TextGraphiteMetricsSender.java:104) [ApacheJMeter_components.jar:5.6.3]
	at org.apache.jmeter.visualizers.backend.graphite.GraphiteBackendListenerClient.sendMetrics(GraphiteBackendListenerClient.java:186) [ApacheJMeter_components.jar:5.6.3]
	at org.apache.jmeter.visualizers.backend.graphite.GraphiteBackendListenerClient.teardownTest(GraphiteBackendListenerClient.java:367) [ApacheJMeter_components.jar:5.6.3]
	at org.apache.jmeter.visualizers.backend.BackendListener.testEnded(BackendListener.java:375) [ApacheJMeter_components.jar:5.6.3]
	at org.apache.jmeter.visualizers.backend.BackendListener.testEnded(BackendListener.java:383) [ApacheJMeter_components.jar:5.6.3]
	at org.apache.jmeter.engine.StandardJMeterEngine.notifyTestListenersOfEnd(StandardJMeterEngine.java:266) [ApacheJMeter_core.jar:5.6.3]
	at org.apache.jmeter.engine.StandardJMeterEngine.run(StandardJMeterEngine.java:543) [ApacheJMeter_core.jar:5.6.3]
	at java.util.concurrent.Executors$RunnableAdapter.call(Unknown Source) [?:1.8.0_441]
	at java.util.concurrent.FutureTask.run(Unknown Source) [?:1.8.0_441]
	at java.util.concurrent.ThreadPoolExecutor.runWorker(Unknown Source) [?:1.8.0_441]
	at java.util.concurrent.ThreadPoolExecutor$Worker.run(Unknown Source) [?:1.8.0_441]
	at java.lang.Thread.run(Unknown Source) [?:1.8.0_441]
2025-03-11 11:43:26,365 INFO o.a.j.r.Summariser: summary =     20 in 00:00:04 =    4.9/s Avg:   551 Min:    82 Max:  2106 Err:     0 (0.00%)
2025-03-11 11:43:26,365 INFO o.a.j.JMeter: Generating Dashboard
2025-03-11 11:43:26,365 INFO o.a.j.r.d.ReportGenerator: Flushing result collector before report Generation
2025-03-11 11:43:26,462 INFO o.a.j.r.p.NormalizerSampleConsumer: Using format, 'ms', to parse timeStamp field
2025-03-11 11:43:26,650 INFO o.a.j.r.p.AbstractSampleConsumer: class org.apache.jmeter.report.processor.AggregateConsumer#stopProducing(): beginDate produced 0 samples
2025-03-11 11:43:26,650 INFO o.a.j.r.p.AbstractSampleConsumer: class org.apache.jmeter.report.processor.AggregateConsumer#stopProducing(): endDate produced 0 samples
2025-03-11 11:43:26,650 INFO o.a.j.r.p.AbstractSampleConsumer: class org.apache.jmeter.report.processor.ApdexSummaryConsumer#stopProducing(): apdexSummary produced 0 samples
2025-03-11 11:43:26,650 INFO o.a.j.r.p.AbstractSampleConsumer: class org.apache.jmeter.report.processor.RequestsSummaryConsumer#stopProducing(): requestsSummary produced 0 samples
2025-03-11 11:43:26,650 INFO o.a.j.r.p.AbstractSampleConsumer: class org.apache.jmeter.report.processor.StatisticsSummaryConsumer#stopProducing(): statisticsSummary produced 0 samples
2025-03-11 11:43:26,665 INFO o.a.j.r.p.AbstractSampleConsumer: class org.apache.jmeter.report.processor.Top5ErrorsBySamplerConsumer#stopProducing(): top5ErrorsBySampler produced 0 samples
2025-03-11 11:43:26,665 INFO o.a.j.r.p.AbstractSampleConsumer: class org.apache.jmeter.report.processor.ErrorsSummaryConsumer#stopProducing(): errorsSummary produced 0 samples
2025-03-11 11:43:26,665 INFO o.a.j.r.p.AbstractSampleConsumer: class org.apache.jmeter.report.processor.graph.impl.HitsPerSecondGraphConsumer#stopProducing(): hitsPerSecond produced 0 samples
2025-03-11 11:43:26,697 INFO o.a.j.r.p.AbstractSampleConsumer: class org.apache.jmeter.report.processor.graph.impl.LatencyVSRequestGraphConsumer#stopProducing(): latencyVsRequest produced 0 samples
2025-03-11 11:43:26,697 INFO o.a.j.r.p.AbstractSampleConsumer: class org.apache.jmeter.report.processor.graph.impl.SyntheticResponseTimeDistributionGraphConsumer#stopProducing(): syntheticResponseTimeDistribution produced 0 samples
2025-03-11 11:43:26,697 INFO o.a.j.r.p.AbstractSampleConsumer: class org.apache.jmeter.report.processor.graph.impl.BytesThroughputGraphConsumer#stopProducing(): bytesThroughputOverTime produced 0 samples
2025-03-11 11:43:26,697 INFO o.a.j.r.p.AbstractSampleConsumer: class org.apache.jmeter.report.processor.graph.impl.CodesPerSecondGraphConsumer#stopProducing(): codesPerSecond produced 0 samples
2025-03-11 11:43:26,697 INFO o.a.j.r.p.AbstractSampleConsumer: class org.apache.jmeter.report.processor.graph.impl.ResponseTimeVSRequestGraphConsumer#stopProducing(): responseTimeVsRequest produced 0 samples
2025-03-11 11:43:26,697 INFO o.a.j.r.p.AbstractSampleConsumer: class org.apache.jmeter.report.processor.FilterConsumer#stopProducing(): startIntervalControlerFilter produced 140 samples
2025-03-11 11:43:26,697 INFO o.a.j.r.p.AbstractSampleConsumer: class org.apache.jmeter.report.processor.graph.impl.TotalTPSGraphConsumer#stopProducing(): totalTPS produced 0 samples
2025-03-11 11:43:26,697 INFO o.a.j.r.p.AbstractSampleConsumer: class org.apache.jmeter.report.processor.graph.impl.ActiveThreadsGraphConsumer#stopProducing(): activeThreadsOverTime produced 0 samples
2025-03-11 11:43:26,697 INFO o.a.j.r.p.AbstractSampleConsumer: class org.apache.jmeter.report.processor.graph.impl.TimeVSThreadGraphConsumer#stopProducing(): timeVsThreads produced 0 samples
2025-03-11 11:43:26,712 INFO o.a.j.r.p.AbstractSampleConsumer: class org.apache.jmeter.report.processor.graph.impl.ResponseTimeDistributionGraphConsumer#stopProducing(): responseTimeDistribution produced 0 samples
2025-03-11 11:43:26,712 INFO o.a.j.r.p.AbstractSampleConsumer: class org.apache.jmeter.report.processor.graph.impl.TransactionsPerSecondGraphConsumer#stopProducing(): transactionsPerSecond produced 0 samples
2025-03-11 11:43:26,712 INFO o.a.j.r.p.AbstractSampleConsumer: class org.apache.jmeter.report.processor.graph.impl.ResponseTimePercentilesGraphConsumer#stopProducing(): responseTimePercentiles produced 0 samples
2025-03-11 11:43:26,712 INFO o.a.j.r.p.AbstractSampleConsumer: class org.apache.jmeter.report.processor.graph.impl.ResponseTimePercentilesOverTimeGraphConsumer#stopProducing(): responseTimePercentilesOverTime produced 0 samples
2025-03-11 11:43:26,712 INFO o.a.j.r.p.AbstractSampleConsumer: class org.apache.jmeter.report.processor.graph.impl.ResponseTimeOverTimeGraphConsumer#stopProducing(): responseTimesOverTime produced 0 samples
2025-03-11 11:43:26,712 INFO o.a.j.r.p.AbstractSampleConsumer: class org.apache.jmeter.report.processor.graph.impl.ConnectTimeOverTimeGraphConsumer#stopProducing(): connectTimeOverTime produced 0 samples
2025-03-11 11:43:26,712 INFO o.a.j.r.p.AbstractSampleConsumer: class org.apache.jmeter.report.processor.graph.impl.LatencyOverTimeGraphConsumer#stopProducing(): latenciesOverTime produced 0 samples
2025-03-11 11:43:26,712 INFO o.a.j.r.p.AbstractSampleConsumer: class org.apache.jmeter.report.processor.FilterConsumer#stopProducing(): nameFilter produced 300 samples
2025-03-11 11:43:26,712 INFO o.a.j.r.p.AbstractSampleConsumer: class org.apache.jmeter.report.processor.FilterConsumer#stopProducing(): dateRangeFilter produced 60 samples
2025-03-11 11:43:26,712 INFO o.a.j.r.p.AbstractSampleConsumer: class org.apache.jmeter.report.processor.NormalizerSampleConsumer#stopProducing(): normalizer produced 20 samples
2025-03-11 11:43:26,712 INFO o.a.j.r.p.CsvFileSampleSource: produce(): 20 samples produced in 172ms on channel 0
2025-03-11 11:43:26,712 INFO o.a.j.r.d.ReportGenerator: Exporting data using exporter:'json' of className:'org.apache.jmeter.report.dashboard.JsonExporter'
2025-03-11 11:43:26,931 INFO o.a.j.r.d.JsonExporter: Found data for consumer statisticsSummary in context
2025-03-11 11:43:26,931 INFO o.a.j.r.d.JsonExporter: Creating statistics for overall
2025-03-11 11:43:26,931 INFO o.a.j.r.d.JsonExporter: Creating statistics for other transactions
2025-03-11 11:43:26,931 INFO o.a.j.r.d.JsonExporter: Checking output folder
2025-03-11 11:43:26,931 INFO o.a.j.r.d.JsonExporter: Writing statistics JSON to C:\soporte\apache-jmeter-5.6.3\apache-jmeter-5.6.3\bin\.\_ALO_WRITE_FOLDER5\statistics.json
2025-03-11 11:43:26,993 INFO o.a.j.r.d.ReportGenerator: Exporting data using exporter:'html' of className:'org.apache.jmeter.report.dashboard.HtmlTemplateExporter'
2025-03-11 11:43:26,993 INFO o.a.j.r.d.HtmlTemplateExporter: Will generate dashboard in folder: C:\soporte\apache-jmeter-5.6.3\apache-jmeter-5.6.3\bin\.\_ALO_WRITE_FOLDER5
2025-03-11 11:43:27,212 INFO o.a.j.r.d.HtmlTemplateExporter: Report will be generated in: C:\soporte\apache-jmeter-5.6.3\apache-jmeter-5.6.3\bin\.\_ALO_WRITE_FOLDER5, creating folder structure
2025-03-11 11:43:27,212 INFO o.a.j.r.d.TemplateVisitor: Copying folder from 'C:\soporte\apache-jmeter-5.6.3\apache-jmeter-5.6.3\bin\report-template' to 'C:\soporte\apache-jmeter-5.6.3\apache-jmeter-5.6.3\bin\.\_ALO_WRITE_FOLDER5', got message: C:\soporte\apache-jmeter-5.6.3\apache-jmeter-5.6.3\bin\.\_ALO_WRITE_FOLDER5, found non empty folder with following content [C:\soporte\apache-jmeter-5.6.3\apache-jmeter-5.6.3\bin\.\_ALO_WRITE_FOLDER5\statistics.json], will be ignored
2025-03-11 11:43:28,306 INFO o.a.j.JMeter: Dashboard generated
